<?xml version="1.0" encoding="UTF-8"?>
<testng-results ignored="0" total="1" passed="1" failed="0" skipped="0">
  <reporter-output>
  </reporter-output>
  <suite started-at="2021-04-16T21:39:14Z" name="Suite" finished-at="2021-04-16T21:39:24Z" duration-ms="9867">
    <groups>
    </groups>
    <test started-at="2021-04-16T21:39:14Z" name="Test" finished-at="2021-04-16T21:39:24Z" duration-ms="9867">
      <class name="com.framework.testcases.LoginTestOrange">
        <test-method is-config="true" signature="setupsuite()[pri:0, instance:com.framework.testcases.LoginTestOrange@2a7f1f10]" started-at="2021-04-16T21:39:13Z" name="setupsuite" finished-at="2021-04-16T21:39:14Z" duration-ms="723" status="PASS">
          <reporter-output>
          </reporter-output>
        </test-method> <!-- setupsuite -->
        <test-method is-config="true" signature="setup()[pri:0, instance:com.framework.testcases.LoginTestOrange@2a7f1f10]" started-at="2021-04-16T21:39:14Z" name="setup" finished-at="2021-04-16T21:39:18Z" duration-ms="3760" status="PASS">
          <reporter-output>
          </reporter-output>
        </test-method> <!-- setup -->
        <test-method signature="loginapp()[pri:0, instance:com.framework.testcases.LoginTestOrange@2a7f1f10]" started-at="2021-04-16T21:39:18Z" name="loginapp" finished-at="2021-04-16T21:39:22Z" duration-ms="3991" status="PASS">
          <reporter-output>
          </reporter-output>
        </test-method> <!-- loginapp -->
        <test-method is-config="true" signature="teardownmethod(org.testng.ITestResult)[pri:0, instance:com.framework.testcases.LoginTestOrange@2a7f1f10]" started-at="2021-04-16T21:39:22Z" name="teardownmethod" finished-at="2021-04-16T21:39:22Z" duration-ms="805" status="PASS">
          <params>
            <param index="0">
              <value>
                <![CDATA[[TestResult name=loginapp status=SUCCESS method=LoginTestOrange.loginapp()[pri:0, instance:com.framework.testcases.LoginTestOrange@2a7f1f10] output={null}]]]>
              </value>
            </param>
          </params>
          <reporter-output>
          </reporter-output>
        </test-method> <!-- teardownmethod -->
        <test-method is-config="true" signature="teardown()[pri:0, instance:com.framework.testcases.LoginTestOrange@2a7f1f10]" started-at="2021-04-16T21:39:22Z" name="teardown" finished-at="2021-04-16T21:39:24Z" duration-ms="1284" status="PASS">
          <reporter-output>
          </reporter-output>
        </test-method> <!-- teardown -->
      </class> <!-- com.framework.testcases.LoginTestOrange -->
    </test> <!-- Test -->
  </suite> <!-- Suite -->
</testng-results>
