<?xml version="1.0" encoding="UTF-8"?>
<testng-results ignored="0" total="1" passed="1" failed="0" skipped="0">
  <reporter-output>
  </reporter-output>
  <suite started-at="2021-04-17T20:32:46Z" name="Default suite" finished-at="2021-04-17T20:32:59Z" duration-ms="12554">
    <groups>
    </groups>
    <test started-at="2021-04-17T20:32:46Z" name="Default test" finished-at="2021-04-17T20:32:59Z" duration-ms="12554">
      <class name="com.framework.testcases.LoginTestOrange">
        <test-method is-config="true" signature="setupsuite()[pri:0, instance:com.framework.testcases.LoginTestOrange@125290e5]" started-at="2021-04-17T20:32:45Z" name="setupsuite" finished-at="2021-04-17T20:32:46Z" duration-ms="1005" status="PASS">
          <reporter-output>
          </reporter-output>
        </test-method> <!-- setupsuite -->
        <test-method is-config="true" signature="setup()[pri:0, instance:com.framework.testcases.LoginTestOrange@125290e5]" started-at="2021-04-17T20:32:46Z" name="setup" finished-at="2021-04-17T20:32:51Z" duration-ms="5150" status="PASS">
          <reporter-output>
          </reporter-output>
        </test-method> <!-- setup -->
        <test-method signature="loginapp()[pri:0, instance:com.framework.testcases.LoginTestOrange@125290e5]" started-at="2021-04-17T20:32:51Z" name="loginapp" finished-at="2021-04-17T20:32:57Z" duration-ms="5252" status="PASS">
          <reporter-output>
          </reporter-output>
        </test-method> <!-- loginapp -->
        <test-method is-config="true" signature="teardownmethod(org.testng.ITestResult)[pri:0, instance:com.framework.testcases.LoginTestOrange@125290e5]" started-at="2021-04-17T20:32:57Z" name="teardownmethod" finished-at="2021-04-17T20:32:58Z" duration-ms="1237" status="PASS">
          <params>
            <param index="0">
              <value>
                <![CDATA[[TestResult name=loginapp status=SUCCESS method=LoginTestOrange.loginapp()[pri:0, instance:com.framework.testcases.LoginTestOrange@125290e5] output={null}]]]>
              </value>
            </param>
          </params>
          <reporter-output>
          </reporter-output>
        </test-method> <!-- teardownmethod -->
        <test-method is-config="true" signature="teardown()[pri:0, instance:com.framework.testcases.LoginTestOrange@125290e5]" started-at="2021-04-17T20:32:58Z" name="teardown" finished-at="2021-04-17T20:32:59Z" duration-ms="881" status="PASS">
          <reporter-output>
          </reporter-output>
        </test-method> <!-- teardown -->
      </class> <!-- com.framework.testcases.LoginTestOrange -->
    </test> <!-- Default test -->
  </suite> <!-- Default suite -->
</testng-results>
