<?xml version="1.0" encoding="UTF-8"?>
<testng-results ignored="0" total="1" passed="1" failed="0" skipped="0">
  <reporter-output>
  </reporter-output>
  <suite started-at="2021-04-17T09:04:05Z" name="Suite" finished-at="2021-04-17T09:04:22Z" duration-ms="16616">
    <groups>
    </groups>
    <test started-at="2021-04-17T09:04:05Z" name="Test" finished-at="2021-04-17T09:04:22Z" duration-ms="16616">
      <class name="com.framework.testcases.LoginTestOrange">
        <test-method is-config="true" signature="setupsuite()[pri:0, instance:com.framework.testcases.LoginTestOrange@2b175c00]" started-at="2021-04-17T09:04:04Z" name="setupsuite" finished-at="2021-04-17T09:04:05Z" duration-ms="1045" status="PASS">
          <reporter-output>
          </reporter-output>
        </test-method> <!-- setupsuite -->
        <test-method is-config="true" signature="setup()[pri:0, instance:com.framework.testcases.LoginTestOrange@2b175c00]" started-at="2021-04-17T09:04:05Z" name="setup" finished-at="2021-04-17T09:04:16Z" duration-ms="10967" status="PASS">
          <reporter-output>
          </reporter-output>
        </test-method> <!-- setup -->
        <test-method signature="loginapp()[pri:0, instance:com.framework.testcases.LoginTestOrange@2b175c00]" started-at="2021-04-17T09:04:16Z" name="loginapp" finished-at="2021-04-17T09:04:20Z" duration-ms="3653" status="PASS">
          <reporter-output>
          </reporter-output>
        </test-method> <!-- loginapp -->
        <test-method is-config="true" signature="teardownmethod(org.testng.ITestResult)[pri:0, instance:com.framework.testcases.LoginTestOrange@2b175c00]" started-at="2021-04-17T09:04:20Z" name="teardownmethod" finished-at="2021-04-17T09:04:20Z" duration-ms="757" status="PASS">
          <params>
            <param index="0">
              <value>
                <![CDATA[[TestResult name=loginapp status=SUCCESS method=LoginTestOrange.loginapp()[pri:0, instance:com.framework.testcases.LoginTestOrange@2b175c00] output={null}]]]>
              </value>
            </param>
          </params>
          <reporter-output>
          </reporter-output>
        </test-method> <!-- teardownmethod -->
        <test-method is-config="true" signature="teardown()[pri:0, instance:com.framework.testcases.LoginTestOrange@2b175c00]" started-at="2021-04-17T09:04:20Z" name="teardown" finished-at="2021-04-17T09:04:22Z" duration-ms="1209" status="PASS">
          <reporter-output>
          </reporter-output>
        </test-method> <!-- teardown -->
      </class> <!-- com.framework.testcases.LoginTestOrange -->
    </test> <!-- Test -->
  </suite> <!-- Suite -->
</testng-results>
